<?xml version="1.0" encoding="UTF-8"?>
<!-- Generated by org.testng.reporters.JUnitReportReporter -->
<testsuite skipped="0" hostname="DESKTOP-MQN71IE" name="com.Asgri.android.Sample" tests="1" failures="0" timestamp="2020-09-01T19:40:31 IST" time="96.262" errors="0">
  <testcase name="cap" time="96.262" classname="com.Asgri.android.Sample"/>
  <system-out/>
</testsuite> <!-- com.Asgri.android.Sample -->
