<?xml version="1.0" encoding="UTF-8"?>
<!-- Generated by org.testng.reporters.JUnitReportReporter -->
<testsuite skipped="0" hostname="DESKTOP-MQN71IE" name="com.Asgri.android.Asgri_SignUp" tests="1" failures="0" timestamp="2020-09-11T14:25:58 IST" time="71.928" errors="0">
  <testcase name="cap" time="71.928" classname="com.Asgri.android.Asgri_SignUp"/>
  <system-out/>
</testsuite> <!-- com.Asgri.android.Asgri_SignUp -->
