<?xml version="1.0" encoding="UTF-8"?>
<!-- Generated by org.testng.reporters.JUnitReportReporter -->
<testsuite skipped="0" hostname="DESKTOP-MQN71IE" name="Utilities.Loginfo" tests="1" failures="0" timestamp="2020-08-18T18:14:56 IST" time="0.026" errors="0">
  <testcase name="logsGeneration" time="0.026" classname="Utilities.Loginfo"/>
  <system-out/>
</testsuite> <!-- Utilities.Loginfo -->
